Determining if the pthread_create exist failed with the following output:
Change Dir: /home/kist/catkin_ws/src/ros_robot_navigation/CMakeFiles/CMakeTmp

Run Build Command:/usr/bin/make "cmTryCompileExec9161754/fast"
/usr/bin/make -f CMakeFiles/cmTryCompileExec9161754.dir/build.make CMakeFiles/cmTryCompileExec9161754.dir/build
make[1]: Entering directory `/home/kist/catkin_ws/src/ros_robot_navigation/CMakeFiles/CMakeTmp'
/usr/bin/cmake -E cmake_progress_report /home/kist/catkin_ws/src/ros_robot_navigation/CMakeFiles/CMakeTmp/CMakeFiles 1
Building C object CMakeFiles/cmTryCompileExec9161754.dir/CheckSymbolExists.c.o
/usr/bin/cc    -o CMakeFiles/cmTryCompileExec9161754.dir/CheckSymbolExists.c.o   -c /home/kist/catkin_ws/src/ros_robot_navigation/CMakeFiles/CMakeTmp/CheckSymbolExists.c
Linking C executable cmTryCompileExec9161754
/usr/bin/cmake -E cmake_link_script CMakeFiles/cmTryCompileExec9161754.dir/link.txt --verbose=1
/usr/bin/cc       CMakeFiles/cmTryCompileExec9161754.dir/CheckSymbolExists.c.o  -o cmTryCompileExec9161754 -rdynamic 
CMakeFiles/cmTryCompileExec9161754.dir/CheckSymbolExists.c.o: In function `main':
CheckSymbolExists.c:(.text+0x16): undefined reference to `pthread_create'
collect2: error: ld returned 1 exit status
make[1]: Leaving directory `/home/kist/catkin_ws/src/ros_robot_navigation/CMakeFiles/CMakeTmp'
make[1]: *** [cmTryCompileExec9161754] Error 1
make: *** [cmTryCompileExec9161754/fast] Error 2

File /home/kist/catkin_ws/src/ros_robot_navigation/CMakeFiles/CMakeTmp/CheckSymbolExists.c:
/* */
#include <pthread.h>

int main(int argc, char** argv)
{
  (void)argv;
#ifndef pthread_create
  return ((int*)(&pthread_create))[argc];
#else
  (void)argc;
  return 0;
#endif
}

Determining if the function pthread_create exists in the pthreads failed with the following output:
Change Dir: /home/kist/catkin_ws/src/ros_robot_navigation/CMakeFiles/CMakeTmp

Run Build Command:/usr/bin/make "cmTryCompileExec2421316629/fast"
/usr/bin/make -f CMakeFiles/cmTryCompileExec2421316629.dir/build.make CMakeFiles/cmTryCompileExec2421316629.dir/build
make[1]: Entering directory `/home/kist/catkin_ws/src/ros_robot_navigation/CMakeFiles/CMakeTmp'
/usr/bin/cmake -E cmake_progress_report /home/kist/catkin_ws/src/ros_robot_navigation/CMakeFiles/CMakeTmp/CMakeFiles 1
Building C object CMakeFiles/cmTryCompileExec2421316629.dir/CheckFunctionExists.c.o
/usr/bin/cc   -DCHECK_FUNCTION_EXISTS=pthread_create   -o CMakeFiles/cmTryCompileExec2421316629.dir/CheckFunctionExists.c.o   -c /usr/share/cmake-2.8/Modules/CheckFunctionExists.c
Linking C executable cmTryCompileExec2421316629
/usr/bin/cmake -E cmake_link_script CMakeFiles/cmTryCompileExec2421316629.dir/link.txt --verbose=1
/usr/bin/cc   -DCHECK_FUNCTION_EXISTS=pthread_create    CMakeFiles/cmTryCompileExec2421316629.dir/CheckFunctionExists.c.o  -o cmTryCompileExec2421316629 -rdynamic -lpthreads 
/usr/bin/ld: cannot find -lpthreads
collect2: error: ld returned 1 exit status
make[1]: *** [cmTryCompileExec2421316629] Error 1
make[1]: Leaving directory `/home/kist/catkin_ws/src/ros_robot_navigation/CMakeFiles/CMakeTmp'
make: *** [cmTryCompileExec2421316629/fast] Error 2


